Starting local Bazel server and connecting to it...
[32mComputing main repo mapping:[0m 
[32mLoading:[0m 
[32mLoading:[0m 3 packages loaded
[32mAnalyzing:[0m target //contrib/mysql_proxy/filters/network/test:mysql_ssl_integration_test (4 packages loaded, 0 targets configured)
[32mAnalyzing:[0m target //contrib/mysql_proxy/filters/network/test:mysql_ssl_integration_test (4 packages loaded, 0 targets configured)

[32mAnalyzing:[0m target //contrib/mysql_proxy/filters/network/test:mysql_ssl_integration_test (151 packages loaded, 7731 targets configured)

[32mAnalyzing:[0m target //contrib/mysql_proxy/filters/network/test:mysql_ssl_integration_test (531 packages loaded, 18142 targets configured)

[32mAnalyzing:[0m target //contrib/mysql_proxy/filters/network/test:mysql_ssl_integration_test (684 packages loaded, 39714 targets configured)

[32mINFO: [0mAnalyzed target //contrib/mysql_proxy/filters/network/test:mysql_ssl_integration_test (684 packages loaded, 40227 targets configured).
[32m[538 / 4,501][0m checking cached actions
[32m[7,763 / 7,764][0m 1 / 1 tests;[0m checking cached actions
[32mINFO: [0mFound 1 test target...
Target //contrib/mysql_proxy/filters/network/test:mysql_ssl_integration_test up-to-date:
  bazel-bin/contrib/mysql_proxy/filters/network/test/mysql_ssl_integration_test
[32mINFO: [0mElapsed time: 14.987s, Critical Path: 1.13s
[32mINFO: [0m1 process: 1 internal.
[32mINFO: [0mBuild completed successfully, 1 total action
[0m[32mPASSED: [0m//contrib/mysql_proxy/filters/network/test:mysql_ssl_integration_test (see /build/.cache/bazel/_bazel_root/b570b5ccd0454dc9af9f65ab1833764d/execroot/envoy/bazel-out/aarch64-fastbuild/testlogs/contrib/mysql_proxy/filters/network/test/mysql_ssl_integration_test/test.log)
[0m[32mINFO: [0mFrom Testing //contrib/mysql_proxy/filters/network/test:mysql_ssl_integration_test
==================== Test output for //contrib/mysql_proxy/filters/network/test:mysql_ssl_integration_test:
Note: Google Test filter = *CachingSha2FullAuthRsaMediation/0
[==========] Running 1 test from 1 test suite.
[----------] Global test environment set-up.
[----------] 1 test from IpVersions/MySQLSSLIntegrationTest
[ RUN      ] IpVersions/MySQLSSLIntegrationTest.CachingSha2FullAuthRsaMediation/0
[external/abseil-cpp/absl/flags/internal/flag.cc : 148] RAW: Restore saved value of envoy_quic_always_support_server_preferred_address to: true
[external/abseil-cpp/absl/flags/internal/flag.cc : 148] RAW: Restore saved value of envoy_reloadable_features_runtime_initialized to: false
[external/abseil-cpp/absl/flags/internal/flag.cc : 148] RAW: Restore saved value of envoy_quic_always_support_server_preferred_address to: true
[external/abseil-cpp/absl/flags/internal/flag.cc : 148] RAW: Restore saved value of envoy_reloadable_features_runtime_initialized to: false
[       OK ] IpVersions/MySQLSSLIntegrationTest.CachingSha2FullAuthRsaMediation/0 (1377 ms)
[----------] 1 test from IpVersions/MySQLSSLIntegrationTest (1378 ms total)

[----------] Global test environment tear-down
[==========] 1 test from 1 test suite ran. (1378 ms total)
[  PASSED  ] 1 test.
================================================================================

Executed 0 out of 1 test: 1 test passes.
[0m